2026-07-09 18:35:05,227 - aqt.helper - DEBUG - helper 8458395776 Attempt to download checksum at https://download.qt.io/online/qtsdkrepository/mac_x64/desktop/qt6_6103/qt6_6103/Updates.xml.sha256
2026-07-09 18:35:10,042 - aqt.helper - DEBUG - helper 8458395776 Attempt to download checksum at https://download.qt.io/online/qtsdkrepository/mac_x64/desktop/qt6_6103/qt6_6103/Updates.xml.sha256
2026-07-09 18:35:14,114 - aqt.helper - DEBUG - helper 8458395776 Attempt to download checksum at https://download.qt.io/online/qtsdkrepository/mac_x64/extensions/qtpdf/6103/clang_64/Updates.xml.sha256
2026-07-09 18:35:18,279 - aqt.helper - DEBUG - helper 8458395776 Attempt to download checksum at https://download.qt.io/online/qtsdkrepository/mac_x64/extensions/qtwebengine/6103/clang_64/Updates.xml.sha256
2026-07-09 18:35:29,373 - aqt.main - INFO - installer 8458395776 aqtinstall(aqt) v3.3.0 on Python 3.10.0 [CPython Clang 11.1.0 ]
2026-07-09 18:35:29,373 - aqt.helper - DEBUG - helper 8458395776 Attempt to download checksum at https://download.qt.io/online/qtsdkrepository/mac_x64/desktop/qt6_6103/qt6_6103/Updates.xml.sha256
2026-07-09 18:35:33,336 - aqt.helper - DEBUG - helper 8458395776 Attempt to download checksum at https://download.qt.io/online/qtsdkrepository/mac_x64/extensions/qtwebengine/6103/clang_64/Updates.xml.sha256
2026-07-09 18:35:37,336 - aqt.archives - INFO - archives 8458395776 Found extension qtwebengine
2026-07-09 18:35:37,337 - aqt.helper - DEBUG - helper 8458395776 Attempt to download checksum at https://download.qt.io/online/qtsdkrepository/mac_x64/extensions/qtpdf/6103/clang_64/Updates.xml.sha256
2026-07-09 18:35:41,513 - aqt.archives - INFO - archives 8458395776 Found extension qtpdf
2026-07-09 18:35:41,519 - aqt.main - ERROR - installer 8458395776 The packages ['qtsvg'] were not found while parsing XML of package information!
==============================Suggested follow-up:==============================
* Please use 'aqt list-qt mac desktop --modules 6.10.3 <arch>' to show modules available.
2026-07-09 18:35:46,754 - aqt.main - INFO - installer 8458395776 aqtinstall(aqt) v3.3.0 on Python 3.10.0 [CPython Clang 11.1.0 ]
2026-07-09 18:35:46,754 - aqt.helper - DEBUG - helper 8458395776 Attempt to download checksum at https://download.qt.io/online/qtsdkrepository/mac_x64/desktop/qt6_6103/qt6_6103/Updates.xml.sha256
2026-07-09 18:35:50,670 - aqt.helper - DEBUG - helper 8458395776 Attempt to download checksum at https://download.qt.io/online/qtsdkrepository/mac_x64/extensions/qtwebengine/6103/clang_64/Updates.xml.sha256
2026-07-09 18:35:54,263 - aqt.archives - INFO - archives 8458395776 Found extension qtwebengine
2026-07-09 18:35:54,263 - aqt.helper - DEBUG - helper 8458395776 Attempt to download checksum at https://download.qt.io/online/qtsdkrepository/mac_x64/extensions/qtpdf/6103/clang_64/Updates.xml.sha256
2026-07-09 18:35:58,205 - aqt.archives - INFO - archives 8458395776 Found extension qtpdf
2026-07-09 18:35:58,610 - aqt.helper - DEBUG - helper 8458395776 Attempt to download checksum at https://download.qt.io/online/qtsdkrepository/mac_x64/desktop/qt6_6103/qt6_6103/qt.qt6.6103.addons.qtimageformats.clang_64/6.10.3-0-202603310405qtimageformats-MacOS-MacOS_15-Clang-MacOS-MacOS_15-X86_64-ARM64.7z.sha256
2026-07-09 18:35:58,611 - aqt.helper - DEBUG - helper 8458395776 Attempt to download checksum at https://download.qt.io/online/qtsdkrepository/mac_x64/desktop/qt6_6103/qt6_6103/qt.qt6.6103.clang_64/6.10.3-0-202603310405qtbase-MacOS-MacOS_15-Clang-MacOS-MacOS_15-X86_64-ARM64.7z.sha256
2026-07-09 18:35:58,611 - aqt.helper - DEBUG - helper 8458395776 Attempt to download checksum at https://download.qt.io/online/qtsdkrepository/mac_x64/desktop/qt6_6103/qt6_6103/qt.qt6.6103.clang_64/6.10.3-0-202603310405qtdeclarative-MacOS-MacOS_15-Clang-MacOS-MacOS_15-X86_64-ARM64.7z.sha256
2026-07-09 18:35:58,611 - aqt.helper - DEBUG - helper 8458395776 Attempt to download checksum at https://download.qt.io/online/qtsdkrepository/mac_x64/desktop/qt6_6103/qt6_6103/qt.qt6.6103.clang_64/6.10.3-0-202603310405qtsvg-MacOS-MacOS_15-Clang-MacOS-MacOS_15-X86_64-ARM64.7z.sha256
2026-07-09 18:36:00,602 - aqt.helper - INFO - helper 8458395776 Downloading qtbase...
2026-07-09 18:36:00,602 - aqt.installer - DEBUG - installer 8458395776 Download URL: https://download.qt.io/online/qtsdkrepository/mac_x64/desktop/qt6_6103/qt6_6103/qt.qt6.6103.clang_64/6.10.3-0-202603310405qtbase-MacOS-MacOS_15-Clang-MacOS-MacOS_15-X86_64-ARM64.7z
2026-07-09 18:36:00,613 - aqt.helper - INFO - helper 8458395776 Downloading qtdeclarative...
2026-07-09 18:36:00,613 - aqt.installer - DEBUG - installer 8458395776 Download URL: https://download.qt.io/online/qtsdkrepository/mac_x64/desktop/qt6_6103/qt6_6103/qt.qt6.6103.clang_64/6.10.3-0-202603310405qtdeclarative-MacOS-MacOS_15-Clang-MacOS-MacOS_15-X86_64-ARM64.7z
2026-07-09 18:36:00,628 - aqt.helper - INFO - helper 8458395776 Downloading qtimageformats...
2026-07-09 18:36:00,628 - aqt.installer - DEBUG - installer 8458395776 Download URL: https://download.qt.io/online/qtsdkrepository/mac_x64/desktop/qt6_6103/qt6_6103/qt.qt6.6103.addons.qtimageformats.clang_64/6.10.3-0-202603310405qtimageformats-MacOS-MacOS_15-Clang-MacOS-MacOS_15-X86_64-ARM64.7z
2026-07-09 18:36:00,638 - aqt.helper - INFO - helper 8458395776 Downloading qtsvg...
2026-07-09 18:36:00,639 - aqt.installer - DEBUG - installer 8458395776 Download URL: https://download.qt.io/online/qtsdkrepository/mac_x64/desktop/qt6_6103/qt6_6103/qt.qt6.6103.clang_64/6.10.3-0-202603310405qtsvg-MacOS-MacOS_15-Clang-MacOS-MacOS_15-X86_64-ARM64.7z
2026-07-09 18:36:02,713 - aqt.helper - DEBUG - helper 8458395776 Asked to redirect(302) to: https://ftp.jaist.ac.jp/pub/qtproject/online/qtsdkrepository/mac_x64/desktop/qt6_6103/qt6_6103/qt.qt6.6103.clang_64/6.10.3-0-202603310405qtbase-MacOS-MacOS_15-Clang-MacOS-MacOS_15-X86_64-ARM64.7z
2026-07-09 18:36:02,713 - aqt.helper - INFO - helper 8458395776 Redirected: ftp.jaist.ac.jp
2026-07-09 18:36:02,726 - aqt.helper - DEBUG - helper 8458395776 Asked to redirect(302) to: https://ftp.jaist.ac.jp/pub/qtproject/online/qtsdkrepository/mac_x64/desktop/qt6_6103/qt6_6103/qt.qt6.6103.clang_64/6.10.3-0-202603310405qtsvg-MacOS-MacOS_15-Clang-MacOS-MacOS_15-X86_64-ARM64.7z
2026-07-09 18:36:02,726 - aqt.helper - INFO - helper 8458395776 Redirected: ftp.jaist.ac.jp
2026-07-09 18:36:02,750 - aqt.helper - DEBUG - helper 8458395776 Asked to redirect(302) to: https://ftp.jaist.ac.jp/pub/qtproject/online/qtsdkrepository/mac_x64/desktop/qt6_6103/qt6_6103/qt.qt6.6103.clang_64/6.10.3-0-202603310405qtdeclarative-MacOS-MacOS_15-Clang-MacOS-MacOS_15-X86_64-ARM64.7z
2026-07-09 18:36:02,750 - aqt.helper - INFO - helper 8458395776 Redirected: ftp.jaist.ac.jp
2026-07-09 18:36:03,670 - aqt.helper - DEBUG - helper 8458395776 Asked to redirect(302) to: https://ftp.jaist.ac.jp/pub/qtproject/online/qtsdkrepository/mac_x64/desktop/qt6_6103/qt6_6103/qt.qt6.6103.addons.qtimageformats.clang_64/6.10.3-0-202603310405qtimageformats-MacOS-MacOS_15-Clang-MacOS-MacOS_15-X86_64-ARM64.7z
2026-07-09 18:36:03,670 - aqt.helper - INFO - helper 8458395776 Redirected: ftp.jaist.ac.jp
2026-07-09 18:36:04,653 - aqt.installer - INFO - installer 8458395776 Finished installation of qtsvg-MacOS-MacOS_15-Clang-MacOS-MacOS_15-X86_64-ARM64.7z in 6.04360779
2026-07-09 18:36:04,660 - aqt.helper - DEBUG - helper 8458395776 Attempt to download checksum at https://download.qt.io/online/qtsdkrepository/mac_x64/desktop/qt6_6103/qt6_6103/qt.qt6.6103.clang_64/6.10.3-0-202603310405qttools-MacOS-MacOS_15-Clang-MacOS-MacOS_15-X86_64-ARM64.7z.sha256
2026-07-09 18:36:05,337 - aqt.installer - INFO - installer 8458395776 Finished installation of qtimageformats-MacOS-MacOS_15-Clang-MacOS-MacOS_15-X86_64-ARM64.7z in 6.72819763
2026-07-09 18:36:05,345 - aqt.helper - DEBUG - helper 8458395776 Attempt to download checksum at https://download.qt.io/online/qtsdkrepository/mac_x64/desktop/qt6_6103/qt6_6103/qt.qt6.6103.clang_64/6.10.3-0-202603310405qttranslations-MacOS-MacOS_15-Clang-MacOS-MacOS_15-X86_64-ARM64.7z.sha256
2026-07-09 18:36:06,499 - aqt.helper - INFO - helper 8458395776 Downloading qttools...
2026-07-09 18:36:06,499 - aqt.installer - DEBUG - installer 8458395776 Download URL: https://download.qt.io/online/qtsdkrepository/mac_x64/desktop/qt6_6103/qt6_6103/qt.qt6.6103.clang_64/6.10.3-0-202603310405qttools-MacOS-MacOS_15-Clang-MacOS-MacOS_15-X86_64-ARM64.7z
2026-07-09 18:36:07,395 - aqt.helper - INFO - helper 8458395776 Downloading qttranslations...
2026-07-09 18:36:07,395 - aqt.installer - DEBUG - installer 8458395776 Download URL: https://download.qt.io/online/qtsdkrepository/mac_x64/desktop/qt6_6103/qt6_6103/qt.qt6.6103.clang_64/6.10.3-0-202603310405qttranslations-MacOS-MacOS_15-Clang-MacOS-MacOS_15-X86_64-ARM64.7z
2026-07-09 18:36:08,519 - aqt.helper - DEBUG - helper 8458395776 Asked to redirect(302) to: https://ftp.jaist.ac.jp/pub/qtproject/online/qtsdkrepository/mac_x64/desktop/qt6_6103/qt6_6103/qt.qt6.6103.clang_64/6.10.3-0-202603310405qttools-MacOS-MacOS_15-Clang-MacOS-MacOS_15-X86_64-ARM64.7z
2026-07-09 18:36:08,519 - aqt.helper - INFO - helper 8458395776 Redirected: ftp.jaist.ac.jp
2026-07-09 18:36:09,245 - aqt.helper - DEBUG - helper 8458395776 Asked to redirect(302) to: https://ftp.jaist.ac.jp/pub/qtproject/online/qtsdkrepository/mac_x64/desktop/qt6_6103/qt6_6103/qt.qt6.6103.clang_64/6.10.3-0-202603310405qttranslations-MacOS-MacOS_15-Clang-MacOS-MacOS_15-X86_64-ARM64.7z
2026-07-09 18:36:09,245 - aqt.helper - INFO - helper 8458395776 Redirected: ftp.jaist.ac.jp
2026-07-09 18:36:10,721 - aqt.installer - INFO - installer 8458395776 Finished installation of qtbase-MacOS-MacOS_15-Clang-MacOS-MacOS_15-X86_64-ARM64.7z in 12.11162467
2026-07-09 18:36:11,519 - aqt.installer - INFO - installer 8458395776 Finished installation of qttranslations-MacOS-MacOS_15-Clang-MacOS-MacOS_15-X86_64-ARM64.7z in 6.17510283
2026-07-09 18:36:17,130 - aqt.installer - INFO - installer 8458395776 Finished installation of qtdeclarative-MacOS-MacOS_15-Clang-MacOS-MacOS_15-X86_64-ARM64.7z in 18.52121042
2026-07-09 18:36:17,866 - aqt.installer - INFO - installer 8458395776 Finished installation of qttools-MacOS-MacOS_15-Clang-MacOS-MacOS_15-X86_64-ARM64.7z in 13.20675112
2026-07-09 18:36:19,738 - aqt.updater - INFO - updater 8458395776 Patching /Users/cyber/Qt6.10.3/6.10.3/macos/bin/qmake
2026-07-09 18:36:19,745 - aqt.updater - INFO - updater 8458395776 Patching /Users/cyber/Qt6.10.3/6.10.3/macos/lib/pkgconfig/Qt6QuickControls2.pc
2026-07-09 18:36:19,746 - aqt.updater - INFO - updater 8458395776 Patching /Users/cyber/Qt6.10.3/6.10.3/macos/lib/pkgconfig/Qt6LabsWavefrontMesh.pc
2026-07-09 18:36:19,746 - aqt.updater - INFO - updater 8458395776 Patching /Users/cyber/Qt6.10.3/6.10.3/macos/lib/pkgconfig/Qt6QuickControls2FusionStyleImpl.pc
2026-07-09 18:36:19,746 - aqt.updater - INFO - updater 8458395776 Patching /Users/cyber/Qt6.10.3/6.10.3/macos/lib/pkgconfig/Qt6Platform.pc
2026-07-09 18:36:19,746 - aqt.updater - INFO - updater 8458395776 Patching /Users/cyber/Qt6.10.3/6.10.3/macos/lib/pkgconfig/Qt6LabsFolderListModel.pc
2026-07-09 18:36:19,747 - aqt.updater - INFO - updater 8458395776 Patching /Users/cyber/Qt6.10.3/6.10.3/macos/lib/pkgconfig/Qt6QuickVectorImageHelpers.pc
2026-07-09 18:36:19,747 - aqt.updater - INFO - updater 8458395776 Patching /Users/cyber/Qt6.10.3/6.10.3/macos/lib/pkgconfig/Qt6QmlCore.pc
2026-07-09 18:36:19,747 - aqt.updater - INFO - updater 8458395776 Patching /Users/cyber/Qt6.10.3/6.10.3/macos/lib/pkgconfig/Qt6Concurrent.pc
2026-07-09 18:36:19,747 - aqt.updater - INFO - updater 8458395776 Patching /Users/cyber/Qt6.10.3/6.10.3/macos/lib/pkgconfig/Qt6LabsQmlModels.pc
2026-07-09 18:36:19,748 - aqt.updater - INFO - updater 8458395776 Patching /Users/cyber/Qt6.10.3/6.10.3/macos/lib/pkgconfig/Qt6QuickEffects.pc
2026-07-09 18:36:19,748 - aqt.updater - INFO - updater 8458395776 Patching /Users/cyber/Qt6.10.3/6.10.3/macos/lib/pkgconfig/Qt6QmlWorkerScript.pc
2026-07-09 18:36:19,748 - aqt.updater - INFO - updater 8458395776 Patching /Users/cyber/Qt6.10.3/6.10.3/macos/lib/pkgconfig/Qt6QuickControls2MacOSStyleImpl.pc
2026-07-09 18:36:19,748 - aqt.updater - INFO - updater 8458395776 Patching /Users/cyber/Qt6.10.3/6.10.3/macos/lib/pkgconfig/Qt6Designer.pc
2026-07-09 18:36:19,749 - aqt.updater - INFO - updater 8458395776 Patching /Users/cyber/Qt6.10.3/6.10.3/macos/lib/pkgconfig/Qt6QuickControls2Impl.pc
2026-07-09 18:36:19,749 - aqt.updater - INFO - updater 8458395776 Patching /Users/cyber/Qt6.10.3/6.10.3/macos/lib/pkgconfig/Qt6QmlIntegration.pc
2026-07-09 18:36:19,749 - aqt.updater - INFO - updater 8458395776 Patching /Users/cyber/Qt6.10.3/6.10.3/macos/lib/pkgconfig/Qt6QuickControls2IOSStyleImpl.pc
2026-07-09 18:36:19,749 - aqt.updater - INFO - updater 8458395776 Patching /Users/cyber/Qt6.10.3/6.10.3/macos/lib/pkgconfig/Qt6Xml.pc
2026-07-09 18:36:19,749 - aqt.updater - INFO - updater 8458395776 Patching /Users/cyber/Qt6.10.3/6.10.3/macos/lib/pkgconfig/Qt6QuickControls2Universal.pc
2026-07-09 18:36:19,750 - aqt.updater - INFO - updater 8458395776 Patching /Users/cyber/Qt6.10.3/6.10.3/macos/lib/pkgconfig/Qt6QuickDialogs2QuickImpl.pc
2026-07-09 18:36:19,750 - aqt.updater - INFO - updater 8458395776 Patching /Users/cyber/Qt6.10.3/6.10.3/macos/lib/pkgconfig/Qt6SvgWidgets.pc
2026-07-09 18:36:19,750 - aqt.updater - INFO - updater 8458395776 Patching /Users/cyber/Qt6.10.3/6.10.3/macos/lib/pkgconfig/Qt6LabsAnimation.pc
2026-07-09 18:36:19,751 - aqt.updater - INFO - updater 8458395776 Patching /Users/cyber/Qt6.10.3/6.10.3/macos/lib/pkgconfig/Qt6UiTools.pc
2026-07-09 18:36:19,751 - aqt.updater - INFO - updater 8458395776 Patching /Users/cyber/Qt6.10.3/6.10.3/macos/lib/pkgconfig/Qt6QuickDialogs2Utils.pc
2026-07-09 18:36:19,751 - aqt.updater - INFO - updater 8458395776 Patching /Users/cyber/Qt6.10.3/6.10.3/macos/lib/pkgconfig/Qt6QuickTest.pc
2026-07-09 18:36:19,752 - aqt.updater - INFO - updater 8458395776 Patching /Users/cyber/Qt6.10.3/6.10.3/macos/lib/pkgconfig/Qt6QuickDialogs2.pc
2026-07-09 18:36:19,752 - aqt.updater - INFO - updater 8458395776 Patching /Users/cyber/Qt6.10.3/6.10.3/macos/lib/pkgconfig/Qt6QmlXmlListModel.pc
2026-07-09 18:36:19,752 - aqt.updater - INFO - updater 8458395776 Patching /Users/cyber/Qt6.10.3/6.10.3/macos/lib/pkgconfig/Qt6QuickControls2FluentWinUI3StyleImpl.pc
2026-07-09 18:36:19,752 - aqt.updater - INFO - updater 8458395776 Patching /Users/cyber/Qt6.10.3/6.10.3/macos/lib/pkgconfig/Qt6Help.pc
2026-07-09 18:36:19,753 - aqt.updater - INFO - updater 8458395776 Patching /Users/cyber/Qt6.10.3/6.10.3/macos/lib/pkgconfig/Qt6OpenGLWidgets.pc
2026-07-09 18:36:19,753 - aqt.updater - INFO - updater 8458395776 Patching /Users/cyber/Qt6.10.3/6.10.3/macos/lib/pkgconfig/Qt6UiPlugin.pc
2026-07-09 18:36:19,753 - aqt.updater - INFO - updater 8458395776 Patching /Users/cyber/Qt6.10.3/6.10.3/macos/lib/pkgconfig/Qt6Quick.pc
2026-07-09 18:36:19,753 - aqt.updater - INFO - updater 8458395776 Patching /Users/cyber/Qt6.10.3/6.10.3/macos/lib/pkgconfig/Qt6QuickControls2Imagine.pc
2026-07-09 18:36:19,753 - aqt.updater - INFO - updater 8458395776 Patching /Users/cyber/Qt6.10.3/6.10.3/macos/lib/pkgconfig/Qt6LabsSharedImage.pc
2026-07-09 18:36:19,754 - aqt.updater - INFO - updater 8458395776 Patching /Users/cyber/Qt6.10.3/6.10.3/macos/lib/pkgconfig/Qt6Linguist.pc
2026-07-09 18:36:19,754 - aqt.updater - INFO - updater 8458395776 Patching /Users/cyber/Qt6.10.3/6.10.3/macos/lib/pkgconfig/Qt6PrintSupport.pc
2026-07-09 18:36:19,754 - aqt.updater - INFO - updater 8458395776 Patching /Users/cyber/Qt6.10.3/6.10.3/macos/lib/pkgconfig/Qt6QuickControls2Fusion.pc
2026-07-09 18:36:19,754 - aqt.updater - INFO - updater 8458395776 Patching /Users/cyber/Qt6.10.3/6.10.3/macos/lib/pkgconfig/Qt6QuickControls2BasicStyleImpl.pc
2026-07-09 18:36:19,754 - aqt.updater - INFO - updater 8458395776 Patching /Users/cyber/Qt6.10.3/6.10.3/macos/lib/pkgconfig/Qt6QuickVectorImage.pc
2026-07-09 18:36:19,755 - aqt.updater - INFO - updater 8458395776 Patching /Users/cyber/Qt6.10.3/6.10.3/macos/lib/pkgconfig/Qt6QuickControls2ImagineStyleImpl.pc
2026-07-09 18:36:19,755 - aqt.updater - INFO - updater 8458395776 Patching /Users/cyber/Qt6.10.3/6.10.3/macos/lib/pkgconfig/Qt6LabsSynchronizer.pc
2026-07-09 18:36:19,755 - aqt.updater - INFO - updater 8458395776 Patching /Users/cyber/Qt6.10.3/6.10.3/macos/lib/pkgconfig/Qt6QuickWidgets.pc
2026-07-09 18:36:19,755 - aqt.updater - INFO - updater 8458395776 Patching /Users/cyber/Qt6.10.3/6.10.3/macos/lib/pkgconfig/Qt6Svg.pc
2026-07-09 18:36:19,756 - aqt.updater - INFO - updater 8458395776 Patching /Users/cyber/Qt6.10.3/6.10.3/macos/lib/pkgconfig/Qt6QuickTemplates2.pc
2026-07-09 18:36:19,756 - aqt.updater - INFO - updater 8458395776 Patching /Users/cyber/Qt6.10.3/6.10.3/macos/lib/pkgconfig/Qt6QmlMeta.pc
2026-07-09 18:36:19,756 - aqt.updater - INFO - updater 8458395776 Patching /Users/cyber/Qt6.10.3/6.10.3/macos/lib/pkgconfig/Qt6QmlNetwork.pc
2026-07-09 18:36:19,756 - aqt.updater - INFO - updater 8458395776 Patching /Users/cyber/Qt6.10.3/6.10.3/macos/lib/pkgconfig/Qt6QuickControls2Basic.pc
2026-07-09 18:36:19,757 - aqt.updater - INFO - updater 8458395776 Patching /Users/cyber/Qt6.10.3/6.10.3/macos/lib/pkgconfig/Qt6Core.pc
2026-07-09 18:36:19,757 - aqt.updater - INFO - updater 8458395776 Patching /Users/cyber/Qt6.10.3/6.10.3/macos/lib/pkgconfig/Qt6Gui.pc
2026-07-09 18:36:19,757 - aqt.updater - INFO - updater 8458395776 Patching /Users/cyber/Qt6.10.3/6.10.3/macos/lib/pkgconfig/Qt6QuickControls2MaterialStyleImpl.pc
2026-07-09 18:36:19,758 - aqt.updater - INFO - updater 8458395776 Patching /Users/cyber/Qt6.10.3/6.10.3/macos/lib/pkgconfig/Qt6QmlAssetDownloader.pc
2026-07-09 18:36:19,758 - aqt.updater - INFO - updater 8458395776 Patching /Users/cyber/Qt6.10.3/6.10.3/macos/lib/pkgconfig/Qt6QuickControls2Material.pc
2026-07-09 18:36:19,758 - aqt.updater - INFO - updater 8458395776 Patching /Users/cyber/Qt6.10.3/6.10.3/macos/lib/pkgconfig/Qt6OpenGL.pc
2026-07-09 18:36:19,758 - aqt.updater - INFO - updater 8458395776 Patching /Users/cyber/Qt6.10.3/6.10.3/macos/lib/pkgconfig/Qt6QmlLocalStorage.pc
2026-07-09 18:36:19,758 - aqt.updater - INFO - updater 8458395776 Patching /Users/cyber/Qt6.10.3/6.10.3/macos/lib/pkgconfig/Qt6LabsSettings.pc
2026-07-09 18:36:19,759 - aqt.updater - INFO - updater 8458395776 Patching /Users/cyber/Qt6.10.3/6.10.3/macos/lib/pkgconfig/Qt6Test.pc
2026-07-09 18:36:19,759 - aqt.updater - INFO - updater 8458395776 Patching /Users/cyber/Qt6.10.3/6.10.3/macos/lib/pkgconfig/Qt6Network.pc
2026-07-09 18:36:19,759 - aqt.updater - INFO - updater 8458395776 Patching /Users/cyber/Qt6.10.3/6.10.3/macos/lib/pkgconfig/Qt6Sql.pc
2026-07-09 18:36:19,759 - aqt.updater - INFO - updater 8458395776 Patching /Users/cyber/Qt6.10.3/6.10.3/macos/lib/pkgconfig/Qt6LabsPlatform.pc
2026-07-09 18:36:19,759 - aqt.updater - INFO - updater 8458395776 Patching /Users/cyber/Qt6.10.3/6.10.3/macos/lib/pkgconfig/Qt6QuickLayouts.pc
2026-07-09 18:36:19,760 - aqt.updater - INFO - updater 8458395776 Patching /Users/cyber/Qt6.10.3/6.10.3/macos/lib/pkgconfig/Qt6DBus.pc
2026-07-09 18:36:19,760 - aqt.updater - INFO - updater 8458395776 Patching /Users/cyber/Qt6.10.3/6.10.3/macos/lib/pkgconfig/Qt6QmlCompiler.pc
2026-07-09 18:36:19,760 - aqt.updater - INFO - updater 8458395776 Patching /Users/cyber/Qt6.10.3/6.10.3/macos/lib/pkgconfig/Qt6Widgets.pc
2026-07-09 18:36:19,760 - aqt.updater - INFO - updater 8458395776 Patching /Users/cyber/Qt6.10.3/6.10.3/macos/lib/pkgconfig/Qt6Qml.pc
2026-07-09 18:36:19,760 - aqt.updater - INFO - updater 8458395776 Patching /Users/cyber/Qt6.10.3/6.10.3/macos/lib/pkgconfig/Qt6QuickControls2UniversalStyleImpl.pc
2026-07-09 18:36:19,760 - aqt.updater - INFO - updater 8458395776 Patching /Users/cyber/Qt6.10.3/6.10.3/macos/lib/pkgconfig/Qt6QmlModels.pc
2026-07-09 18:36:19,761 - aqt.updater - INFO - updater 8458395776 Patching /Users/cyber/Qt6.10.3/6.10.3/macos/lib/libQt6QmlLS.prl
2026-07-09 18:36:19,761 - aqt.updater - INFO - updater 8458395776 Patching /Users/cyber/Qt6.10.3/6.10.3/macos/lib/libQt6FbSupport.prl
2026-07-09 18:36:19,761 - aqt.updater - INFO - updater 8458395776 Patching /Users/cyber/Qt6.10.3/6.10.3/macos/lib/libQt6QmlDebug.prl
2026-07-09 18:36:19,761 - aqt.updater - INFO - updater 8458395776 Patching /Users/cyber/Qt6.10.3/6.10.3/macos/lib/libQt6QmlTypeRegistrar.prl
2026-07-09 18:36:19,762 - aqt.updater - INFO - updater 8458395776 Patching /Users/cyber/Qt6.10.3/6.10.3/macos/lib/libQt6QuickTestUtils.prl
2026-07-09 18:36:19,762 - aqt.updater - INFO - updater 8458395776 Patching /Users/cyber/Qt6.10.3/6.10.3/macos/lib/libQt6ExampleIcons.prl
2026-07-09 18:36:19,762 - aqt.updater - INFO - updater 8458395776 Patching /Users/cyber/Qt6.10.3/6.10.3/macos/lib/libQt6QuickControlsTestUtils.prl
2026-07-09 18:36:19,762 - aqt.updater - INFO - updater 8458395776 Patching /Users/cyber/Qt6.10.3/6.10.3/macos/lib/libQt6DeviceDiscoverySupport.prl
2026-07-09 18:36:19,762 - aqt.updater - INFO - updater 8458395776 Patching /Users/cyber/Qt6.10.3/6.10.3/macos/lib/libQt6QmlDom.prl
2026-07-09 18:36:19,762 - aqt.updater - INFO - updater 8458395776 Patching /Users/cyber/Qt6.10.3/6.10.3/macos/lib/libQt6ExamplesAssetDownloader.prl
2026-07-09 18:36:19,762 - aqt.updater - INFO - updater 8458395776 Patching /Users/cyber/Qt6.10.3/6.10.3/macos/lib/libQt6QmlAssetDownloader.prl
2026-07-09 18:36:19,762 - aqt.updater - INFO - updater 8458395776 Patching /Users/cyber/Qt6.10.3/6.10.3/macos/lib/libQt6PacketProtocol.prl
2026-07-09 18:36:19,762 - aqt.updater - INFO - updater 8458395776 Patching /Users/cyber/Qt6.10.3/6.10.3/macos/lib/libQt6QmlFormat.prl
2026-07-09 18:36:19,763 - aqt.updater - INFO - updater 8458395776 Patching /Users/cyber/Qt6.10.3/6.10.3/macos/lib/libQt6QmlToolingSettings.prl
2026-07-09 18:36:19,763 - aqt.main - INFO - installer 8458395776 Finished installation
2026-07-09 18:36:19,763 - aqt.main - INFO - installer 8458395776 Time elapsed: 33.00921104 second
